2014/01/29 22:36:23 [error] [exception.CHttpException.404] exception 'CHttpException' with message 'The system is unable to find the requested action "ajax_loader_01.gif".' in /mnt/www/yiiFramework/framework/web/CController.php:483
Stack trace:
#0 /mnt/www/yiiFramework/framework/web/CController.php(270): CController->missingAction('ajax_loader_01....')
#1 /mnt/www/yiiFramework/framework/web/CWebApplication.php(282): CController->run('ajax_loader_01....')
#2 /mnt/www/yiiFramework/framework/web/CWebApplication.php(141): CWebApplication->runController('stream/ajax_loa...')
#3 /mnt/www/yiiFramework/framework/base/CApplication.php(180): CWebApplication->processRequest()
#4 /mnt/www/coxnkings/index.php(14): CApplication->run()
#5 {main}
REQUEST_URI=/coxnkings/index.php/stream/ajax_loader_01.gif
HTTP_REFERER=http://localhost:8888/coxnkings/index.php/stream/manage
---
2014/01/29 22:36:23 [error] [exception.CHttpException.404] exception 'CHttpException' with message 'The system is unable to find the requested action "ajax_loader_01.gif".' in /mnt/www/yiiFramework/framework/web/CController.php:483
Stack trace:
#0 /mnt/www/yiiFramework/framework/web/CController.php(270): CController->missingAction('ajax_loader_01....')
#1 /mnt/www/yiiFramework/framework/web/CWebApplication.php(282): CController->run('ajax_loader_01....')
#2 /mnt/www/yiiFramework/framework/web/CWebApplication.php(141): CWebApplication->runController('stream/ajax_loa...')
#3 /mnt/www/yiiFramework/framework/base/CApplication.php(180): CWebApplication->processRequest()
#4 /mnt/www/coxnkings/index.php(14): CApplication->run()
#5 {main}
REQUEST_URI=/coxnkings/index.php/stream/ajax_loader_01.gif
HTTP_REFERER=http://localhost:8888/coxnkings/index.php/stream/manage
---
2014/01/29 22:36:24 [error] [exception.CHttpException.404] exception 'CHttpException' with message 'The system is unable to find the requested action "ajax_loader_01.gif".' in /mnt/www/yiiFramework/framework/web/CController.php:483
Stack trace:
#0 /mnt/www/yiiFramework/framework/web/CController.php(270): CController->missingAction('ajax_loader_01....')
#1 /mnt/www/yiiFramework/framework/web/CWebApplication.php(282): CController->run('ajax_loader_01....')
#2 /mnt/www/yiiFramework/framework/web/CWebApplication.php(141): CWebApplication->runController('stream/ajax_loa...')
#3 /mnt/www/yiiFramework/framework/base/CApplication.php(180): CWebApplication->processRequest()
#4 /mnt/www/coxnkings/index.php(14): CApplication->run()
#5 {main}
REQUEST_URI=/coxnkings/index.php/stream/ajax_loader_01.gif
HTTP_REFERER=http://localhost:8888/coxnkings/index.php/stream/manage
---
2014/01/29 22:36:24 [error] [exception.CHttpException.404] exception 'CHttpException' with message 'The system is unable to find the requested action "ajax_loader_01.gif".' in /mnt/www/yiiFramework/framework/web/CController.php:483
Stack trace:
#0 /mnt/www/yiiFramework/framework/web/CController.php(270): CController->missingAction('ajax_loader_01....')
#1 /mnt/www/yiiFramework/framework/web/CWebApplication.php(282): CController->run('ajax_loader_01....')
#2 /mnt/www/yiiFramework/framework/web/CWebApplication.php(141): CWebApplication->runController('stream/ajax_loa...')
#3 /mnt/www/yiiFramework/framework/base/CApplication.php(180): CWebApplication->processRequest()
#4 /mnt/www/coxnkings/index.php(14): CApplication->run()
#5 {main}
REQUEST_URI=/coxnkings/index.php/stream/ajax_loader_01.gif
HTTP_REFERER=http://localhost:8888/coxnkings/index.php/stream/manage
---
2014/01/29 22:36:25 [error] [exception.CHttpException.404] exception 'CHttpException' with message 'The system is unable to find the requested action "ajax_loader_01.gif".' in /mnt/www/yiiFramework/framework/web/CController.php:483
Stack trace:
#0 /mnt/www/yiiFramework/framework/web/CController.php(270): CController->missingAction('ajax_loader_01....')
#1 /mnt/www/yiiFramework/framework/web/CWebApplication.php(282): CController->run('ajax_loader_01....')
#2 /mnt/www/yiiFramework/framework/web/CWebApplication.php(141): CWebApplication->runController('stream/ajax_loa...')
#3 /mnt/www/yiiFramework/framework/base/CApplication.php(180): CWebApplication->processRequest()
#4 /mnt/www/coxnkings/index.php(14): CApplication->run()
#5 {main}
REQUEST_URI=/coxnkings/index.php/stream/ajax_loader_01.gif
HTTP_REFERER=http://localhost:8888/coxnkings/index.php/stream/manage
---
2014/01/29 22:36:25 [error] [exception.CHttpException.404] exception 'CHttpException' with message 'The system is unable to find the requested action "ajax_loader_01.gif".' in /mnt/www/yiiFramework/framework/web/CController.php:483
Stack trace:
#0 /mnt/www/yiiFramework/framework/web/CController.php(270): CController->missingAction('ajax_loader_01....')
#1 /mnt/www/yiiFramework/framework/web/CWebApplication.php(282): CController->run('ajax_loader_01....')
#2 /mnt/www/yiiFramework/framework/web/CWebApplication.php(141): CWebApplication->runController('stream/ajax_loa...')
#3 /mnt/www/yiiFramework/framework/base/CApplication.php(180): CWebApplication->processRequest()
#4 /mnt/www/coxnkings/index.php(14): CApplication->run()
#5 {main}
REQUEST_URI=/coxnkings/index.php/stream/ajax_loader_01.gif
HTTP_REFERER=http://localhost:8888/coxnkings/index.php/stream/manage
---
2014/01/29 22:44:38 [error] [exception.CHttpException.404] exception 'CHttpException' with message 'The system is unable to find the requested action "ajax_loader_01.gif".' in /mnt/www/yiiFramework/framework/web/CController.php:483
Stack trace:
#0 /mnt/www/yiiFramework/framework/web/CController.php(270): CController->missingAction('ajax_loader_01....')
#1 /mnt/www/yiiFramework/framework/web/CWebApplication.php(282): CController->run('ajax_loader_01....')
#2 /mnt/www/yiiFramework/framework/web/CWebApplication.php(141): CWebApplication->runController('stream/ajax_loa...')
#3 /mnt/www/yiiFramework/framework/base/CApplication.php(180): CWebApplication->processRequest()
#4 /mnt/www/coxnkings/index.php(14): CApplication->run()
#5 {main}
REQUEST_URI=/coxnkings/index.php/stream/ajax_loader_01.gif
HTTP_REFERER=http://localhost:8888/coxnkings/index.php/stream/manage
---
2014/01/29 22:44:38 [error] [exception.CHttpException.404] exception 'CHttpException' with message 'The system is unable to find the requested action "ajax_loader_01.gif".' in /mnt/www/yiiFramework/framework/web/CController.php:483
Stack trace:
#0 /mnt/www/yiiFramework/framework/web/CController.php(270): CController->missingAction('ajax_loader_01....')
#1 /mnt/www/yiiFramework/framework/web/CWebApplication.php(282): CController->run('ajax_loader_01....')
#2 /mnt/www/yiiFramework/framework/web/CWebApplication.php(141): CWebApplication->runController('stream/ajax_loa...')
#3 /mnt/www/yiiFramework/framework/base/CApplication.php(180): CWebApplication->processRequest()
#4 /mnt/www/coxnkings/index.php(14): CApplication->run()
#5 {main}
REQUEST_URI=/coxnkings/index.php/stream/ajax_loader_01.gif
HTTP_REFERER=http://localhost:8888/coxnkings/index.php/stream/manage
---
2014/01/29 22:45:34 [error] [exception.CHttpException.404] exception 'CHttpException' with message 'The system is unable to find the requested action "ajax_loader_01.gif".' in /mnt/www/yiiFramework/framework/web/CController.php:483
Stack trace:
#0 /mnt/www/yiiFramework/framework/web/CController.php(270): CController->missingAction('ajax_loader_01....')
#1 /mnt/www/yiiFramework/framework/web/CWebApplication.php(282): CController->run('ajax_loader_01....')
#2 /mnt/www/yiiFramework/framework/web/CWebApplication.php(141): CWebApplication->runController('stream/ajax_loa...')
#3 /mnt/www/yiiFramework/framework/base/CApplication.php(180): CWebApplication->processRequest()
#4 /mnt/www/coxnkings/index.php(14): CApplication->run()
#5 {main}
REQUEST_URI=/coxnkings/index.php/stream/ajax_loader_01.gif
HTTP_REFERER=http://localhost:8888/coxnkings/index.php/stream/manage
---
2014/01/29 22:46:46 [error] [exception.CHttpException.404] exception 'CHttpException' with message 'The system is unable to find the requested action "ajax_loader_01.gif".' in /mnt/www/yiiFramework/framework/web/CController.php:483
Stack trace:
#0 /mnt/www/yiiFramework/framework/web/CController.php(270): CController->missingAction('ajax_loader_01....')
#1 /mnt/www/yiiFramework/framework/web/CWebApplication.php(282): CController->run('ajax_loader_01....')
#2 /mnt/www/yiiFramework/framework/web/CWebApplication.php(141): CWebApplication->runController('stream/ajax_loa...')
#3 /mnt/www/yiiFramework/framework/base/CApplication.php(180): CWebApplication->processRequest()
#4 /mnt/www/coxnkings/index.php(14): CApplication->run()
#5 {main}
REQUEST_URI=/coxnkings/index.php/stream/ajax_loader_01.gif
HTTP_REFERER=http://localhost:8888/coxnkings/index.php/stream/manage
---
2014/01/29 22:47:25 [error] [exception.CHttpException.404] exception 'CHttpException' with message 'The system is unable to find the requested action "ajax_loader_01.gif".' in /mnt/www/yiiFramework/framework/web/CController.php:483
Stack trace:
#0 /mnt/www/yiiFramework/framework/web/CController.php(270): CController->missingAction('ajax_loader_01....')
#1 /mnt/www/yiiFramework/framework/web/CWebApplication.php(282): CController->run('ajax_loader_01....')
#2 /mnt/www/yiiFramework/framework/web/CWebApplication.php(141): CWebApplication->runController('stream/ajax_loa...')
#3 /mnt/www/yiiFramework/framework/base/CApplication.php(180): CWebApplication->processRequest()
#4 /mnt/www/coxnkings/index.php(14): CApplication->run()
#5 {main}
REQUEST_URI=/coxnkings/index.php/stream/ajax_loader_01.gif
HTTP_REFERER=http://localhost:8888/coxnkings/index.php/stream/manage
---
2014/01/29 22:47:30 [error] [exception.CHttpException.404] exception 'CHttpException' with message 'The system is unable to find the requested action "ajax_loader_01.gif".' in /mnt/www/yiiFramework/framework/web/CController.php:483
Stack trace:
#0 /mnt/www/yiiFramework/framework/web/CController.php(270): CController->missingAction('ajax_loader_01....')
#1 /mnt/www/yiiFramework/framework/web/CWebApplication.php(282): CController->run('ajax_loader_01....')
#2 /mnt/www/yiiFramework/framework/web/CWebApplication.php(141): CWebApplication->runController('stream/ajax_loa...')
#3 /mnt/www/yiiFramework/framework/base/CApplication.php(180): CWebApplication->processRequest()
#4 /mnt/www/coxnkings/index.php(14): CApplication->run()
#5 {main}
REQUEST_URI=/coxnkings/index.php/stream/ajax_loader_01.gif
HTTP_REFERER=http://localhost:8888/coxnkings/index.php/stream/manage
---
2014/01/29 22:47:30 [error] [exception.CHttpException.404] exception 'CHttpException' with message 'The system is unable to find the requested action "ajax_loader_01.gif".' in /mnt/www/yiiFramework/framework/web/CController.php:483
Stack trace:
#0 /mnt/www/yiiFramework/framework/web/CController.php(270): CController->missingAction('ajax_loader_01....')
#1 /mnt/www/yiiFramework/framework/web/CWebApplication.php(282): CController->run('ajax_loader_01....')
#2 /mnt/www/yiiFramework/framework/web/CWebApplication.php(141): CWebApplication->runController('stream/ajax_loa...')
#3 /mnt/www/yiiFramework/framework/base/CApplication.php(180): CWebApplication->processRequest()
#4 /mnt/www/coxnkings/index.php(14): CApplication->run()
#5 {main}
REQUEST_URI=/coxnkings/index.php/stream/ajax_loader_01.gif
HTTP_REFERER=http://localhost:8888/coxnkings/index.php/stream/manage
---
2014/01/29 22:48:46 [error] [exception.CHttpException.404] exception 'CHttpException' with message 'The system is unable to find the requested action "ajax_loader_01.gif".' in /mnt/www/yiiFramework/framework/web/CController.php:483
Stack trace:
#0 /mnt/www/yiiFramework/framework/web/CController.php(270): CController->missingAction('ajax_loader_01....')
#1 /mnt/www/yiiFramework/framework/web/CWebApplication.php(282): CController->run('ajax_loader_01....')
#2 /mnt/www/yiiFramework/framework/web/CWebApplication.php(141): CWebApplication->runController('stream/ajax_loa...')
#3 /mnt/www/yiiFramework/framework/base/CApplication.php(180): CWebApplication->processRequest()
#4 /mnt/www/coxnkings/index.php(14): CApplication->run()
#5 {main}
REQUEST_URI=/coxnkings/index.php/stream/ajax_loader_01.gif
HTTP_REFERER=http://localhost:8888/coxnkings/index.php/stream/manage
---
2014/01/29 22:48:46 [error] [exception.CHttpException.404] exception 'CHttpException' with message 'The system is unable to find the requested action "ajax_loader_01.gif".' in /mnt/www/yiiFramework/framework/web/CController.php:483
Stack trace:
#0 /mnt/www/yiiFramework/framework/web/CController.php(270): CController->missingAction('ajax_loader_01....')
#1 /mnt/www/yiiFramework/framework/web/CWebApplication.php(282): CController->run('ajax_loader_01....')
#2 /mnt/www/yiiFramework/framework/web/CWebApplication.php(141): CWebApplication->runController('stream/ajax_loa...')
#3 /mnt/www/yiiFramework/framework/base/CApplication.php(180): CWebApplication->processRequest()
#4 /mnt/www/coxnkings/index.php(14): CApplication->run()
#5 {main}
REQUEST_URI=/coxnkings/index.php/stream/ajax_loader_01.gif
HTTP_REFERER=http://localhost:8888/coxnkings/index.php/stream/manage
---
2014/01/29 22:48:49 [error] [exception.CHttpException.404] exception 'CHttpException' with message 'The system is unable to find the requested action "ajax_loader_01.gif".' in /mnt/www/yiiFramework/framework/web/CController.php:483
Stack trace:
#0 /mnt/www/yiiFramework/framework/web/CController.php(270): CController->missingAction('ajax_loader_01....')
#1 /mnt/www/yiiFramework/framework/web/CWebApplication.php(282): CController->run('ajax_loader_01....')
#2 /mnt/www/yiiFramework/framework/web/CWebApplication.php(141): CWebApplication->runController('stream/ajax_loa...')
#3 /mnt/www/yiiFramework/framework/base/CApplication.php(180): CWebApplication->processRequest()
#4 /mnt/www/coxnkings/index.php(14): CApplication->run()
#5 {main}
REQUEST_URI=/coxnkings/index.php/stream/ajax_loader_01.gif
HTTP_REFERER=http://localhost:8888/coxnkings/index.php/stream/manage
---
2014/01/29 22:48:49 [error] [exception.CHttpException.404] exception 'CHttpException' with message 'The system is unable to find the requested action "ajax_loader_01.gif".' in /mnt/www/yiiFramework/framework/web/CController.php:483
Stack trace:
#0 /mnt/www/yiiFramework/framework/web/CController.php(270): CController->missingAction('ajax_loader_01....')
#1 /mnt/www/yiiFramework/framework/web/CWebApplication.php(282): CController->run('ajax_loader_01....')
#2 /mnt/www/yiiFramework/framework/web/CWebApplication.php(141): CWebApplication->runController('stream/ajax_loa...')
#3 /mnt/www/yiiFramework/framework/base/CApplication.php(180): CWebApplication->processRequest()
#4 /mnt/www/coxnkings/index.php(14): CApplication->run()
#5 {main}
REQUEST_URI=/coxnkings/index.php/stream/ajax_loader_01.gif
HTTP_REFERER=http://localhost:8888/coxnkings/index.php/stream/manage
---
2014/01/29 22:48:58 [error] [exception.CHttpException.404] exception 'CHttpException' with message 'The system is unable to find the requested action "ajax_loader_01.gif".' in /mnt/www/yiiFramework/framework/web/CController.php:483
Stack trace:
#0 /mnt/www/yiiFramework/framework/web/CController.php(270): CController->missingAction('ajax_loader_01....')
#1 /mnt/www/yiiFramework/framework/web/CWebApplication.php(282): CController->run('ajax_loader_01....')
#2 /mnt/www/yiiFramework/framework/web/CWebApplication.php(141): CWebApplication->runController('stream/ajax_loa...')
#3 /mnt/www/yiiFramework/framework/base/CApplication.php(180): CWebApplication->processRequest()
#4 /mnt/www/coxnkings/index.php(14): CApplication->run()
#5 {main}
REQUEST_URI=/coxnkings/index.php/stream/ajax_loader_01.gif
HTTP_REFERER=http://localhost:8888/coxnkings/index.php/stream/manage
---
2014/01/29 22:48:58 [error] [exception.CHttpException.404] exception 'CHttpException' with message 'The system is unable to find the requested action "ajax_loader_01.gif".' in /mnt/www/yiiFramework/framework/web/CController.php:483
Stack trace:
#0 /mnt/www/yiiFramework/framework/web/CController.php(270): CController->missingAction('ajax_loader_01....')
#1 /mnt/www/yiiFramework/framework/web/CWebApplication.php(282): CController->run('ajax_loader_01....')
#2 /mnt/www/yiiFramework/framework/web/CWebApplication.php(141): CWebApplication->runController('stream/ajax_loa...')
#3 /mnt/www/yiiFramework/framework/base/CApplication.php(180): CWebApplication->processRequest()
#4 /mnt/www/coxnkings/index.php(14): CApplication->run()
#5 {main}
REQUEST_URI=/coxnkings/index.php/stream/ajax_loader_01.gif
HTTP_REFERER=http://localhost:8888/coxnkings/index.php/stream/manage
---
2014/01/29 22:50:07 [error] [exception.CHttpException.404] exception 'CHttpException' with message 'The system is unable to find the requested action "ajax_loader_01.gif".' in /mnt/www/yiiFramework/framework/web/CController.php:483
Stack trace:
#0 /mnt/www/yiiFramework/framework/web/CController.php(270): CController->missingAction('ajax_loader_01....')
#1 /mnt/www/yiiFramework/framework/web/CWebApplication.php(282): CController->run('ajax_loader_01....')
#2 /mnt/www/yiiFramework/framework/web/CWebApplication.php(141): CWebApplication->runController('stream/ajax_loa...')
#3 /mnt/www/yiiFramework/framework/base/CApplication.php(180): CWebApplication->processRequest()
#4 /mnt/www/coxnkings/index.php(14): CApplication->run()
#5 {main}
REQUEST_URI=/coxnkings/index.php/stream/ajax_loader_01.gif
HTTP_REFERER=http://localhost:8888/coxnkings/index.php/stream/manage
---
2014/01/29 22:50:08 [error] [exception.CHttpException.404] exception 'CHttpException' with message 'The system is unable to find the requested action "ajax_loader_01.gif".' in /mnt/www/yiiFramework/framework/web/CController.php:483
Stack trace:
#0 /mnt/www/yiiFramework/framework/web/CController.php(270): CController->missingAction('ajax_loader_01....')
#1 /mnt/www/yiiFramework/framework/web/CWebApplication.php(282): CController->run('ajax_loader_01....')
#2 /mnt/www/yiiFramework/framework/web/CWebApplication.php(141): CWebApplication->runController('stream/ajax_loa...')
#3 /mnt/www/yiiFramework/framework/base/CApplication.php(180): CWebApplication->processRequest()
#4 /mnt/www/coxnkings/index.php(14): CApplication->run()
#5 {main}
REQUEST_URI=/coxnkings/index.php/stream/ajax_loader_01.gif
HTTP_REFERER=http://localhost:8888/coxnkings/index.php/stream/manage
---
2014/01/29 22:50:38 [error] [exception.CHttpException.404] exception 'CHttpException' with message 'The system is unable to find the requested action "ajax_loader_01.gif".' in /mnt/www/yiiFramework/framework/web/CController.php:483
Stack trace:
#0 /mnt/www/yiiFramework/framework/web/CController.php(270): CController->missingAction('ajax_loader_01....')
#1 /mnt/www/yiiFramework/framework/web/CWebApplication.php(282): CController->run('ajax_loader_01....')
#2 /mnt/www/yiiFramework/framework/web/CWebApplication.php(141): CWebApplication->runController('stream/ajax_loa...')
#3 /mnt/www/yiiFramework/framework/base/CApplication.php(180): CWebApplication->processRequest()
#4 /mnt/www/coxnkings/index.php(14): CApplication->run()
#5 {main}
REQUEST_URI=/coxnkings/index.php/stream/ajax_loader_01.gif
HTTP_REFERER=http://localhost:8888/coxnkings/index.php/stream/manage
---
2014/01/29 22:50:38 [error] [exception.CHttpException.404] exception 'CHttpException' with message 'The system is unable to find the requested action "ajax_loader_01.gif".' in /mnt/www/yiiFramework/framework/web/CController.php:483
Stack trace:
#0 /mnt/www/yiiFramework/framework/web/CController.php(270): CController->missingAction('ajax_loader_01....')
#1 /mnt/www/yiiFramework/framework/web/CWebApplication.php(282): CController->run('ajax_loader_01....')
#2 /mnt/www/yiiFramework/framework/web/CWebApplication.php(141): CWebApplication->runController('stream/ajax_loa...')
#3 /mnt/www/yiiFramework/framework/base/CApplication.php(180): CWebApplication->processRequest()
#4 /mnt/www/coxnkings/index.php(14): CApplication->run()
#5 {main}
REQUEST_URI=/coxnkings/index.php/stream/ajax_loader_01.gif
HTTP_REFERER=http://localhost:8888/coxnkings/index.php/stream/manage
---
2014/01/29 22:50:40 [error] [exception.CHttpException.404] exception 'CHttpException' with message 'The system is unable to find the requested action "ajax_loader_01.gif".' in /mnt/www/yiiFramework/framework/web/CController.php:483
Stack trace:
#0 /mnt/www/yiiFramework/framework/web/CController.php(270): CController->missingAction('ajax_loader_01....')
#1 /mnt/www/yiiFramework/framework/web/CWebApplication.php(282): CController->run('ajax_loader_01....')
#2 /mnt/www/yiiFramework/framework/web/CWebApplication.php(141): CWebApplication->runController('stream/ajax_loa...')
#3 /mnt/www/yiiFramework/framework/base/CApplication.php(180): CWebApplication->processRequest()
#4 /mnt/www/coxnkings/index.php(14): CApplication->run()
#5 {main}
REQUEST_URI=/coxnkings/index.php/stream/ajax_loader_01.gif
HTTP_REFERER=http://localhost:8888/coxnkings/index.php/stream/manage
---
2014/01/29 22:50:41 [error] [exception.CHttpException.404] exception 'CHttpException' with message 'The system is unable to find the requested action "ajax_loader_01.gif".' in /mnt/www/yiiFramework/framework/web/CController.php:483
Stack trace:
#0 /mnt/www/yiiFramework/framework/web/CController.php(270): CController->missingAction('ajax_loader_01....')
#1 /mnt/www/yiiFramework/framework/web/CWebApplication.php(282): CController->run('ajax_loader_01....')
#2 /mnt/www/yiiFramework/framework/web/CWebApplication.php(141): CWebApplication->runController('stream/ajax_loa...')
#3 /mnt/www/yiiFramework/framework/base/CApplication.php(180): CWebApplication->processRequest()
#4 /mnt/www/coxnkings/index.php(14): CApplication->run()
#5 {main}
REQUEST_URI=/coxnkings/index.php/stream/ajax_loader_01.gif
HTTP_REFERER=http://localhost:8888/coxnkings/index.php/stream/manage
---
2014/01/29 22:50:46 [error] [exception.CHttpException.404] exception 'CHttpException' with message 'The system is unable to find the requested action "ajax_loader_01.gif".' in /mnt/www/yiiFramework/framework/web/CController.php:483
Stack trace:
#0 /mnt/www/yiiFramework/framework/web/CController.php(270): CController->missingAction('ajax_loader_01....')
#1 /mnt/www/yiiFramework/framework/web/CWebApplication.php(282): CController->run('ajax_loader_01....')
#2 /mnt/www/yiiFramework/framework/web/CWebApplication.php(141): CWebApplication->runController('stream/ajax_loa...')
#3 /mnt/www/yiiFramework/framework/base/CApplication.php(180): CWebApplication->processRequest()
#4 /mnt/www/coxnkings/index.php(14): CApplication->run()
#5 {main}
REQUEST_URI=/coxnkings/index.php/stream/ajax_loader_01.gif
HTTP_REFERER=http://localhost:8888/coxnkings/index.php/stream/manage
---
2014/01/29 22:50:47 [error] [exception.CHttpException.404] exception 'CHttpException' with message 'The system is unable to find the requested action "ajax_loader_01.gif".' in /mnt/www/yiiFramework/framework/web/CController.php:483
Stack trace:
#0 /mnt/www/yiiFramework/framework/web/CController.php(270): CController->missingAction('ajax_loader_01....')
#1 /mnt/www/yiiFramework/framework/web/CWebApplication.php(282): CController->run('ajax_loader_01....')
#2 /mnt/www/yiiFramework/framework/web/CWebApplication.php(141): CWebApplication->runController('stream/ajax_loa...')
#3 /mnt/www/yiiFramework/framework/base/CApplication.php(180): CWebApplication->processRequest()
#4 /mnt/www/coxnkings/index.php(14): CApplication->run()
#5 {main}
REQUEST_URI=/coxnkings/index.php/stream/ajax_loader_01.gif
HTTP_REFERER=http://localhost:8888/coxnkings/index.php/stream/manage
---
2014/01/29 22:55:50 [error] [exception.CHttpException.404] exception 'CHttpException' with message 'The system is unable to find the requested action "ajax_loader_01.gif".' in /mnt/www/yiiFramework/framework/web/CController.php:483
Stack trace:
#0 /mnt/www/yiiFramework/framework/web/CController.php(270): CController->missingAction('ajax_loader_01....')
#1 /mnt/www/yiiFramework/framework/web/CWebApplication.php(282): CController->run('ajax_loader_01....')
#2 /mnt/www/yiiFramework/framework/web/CWebApplication.php(141): CWebApplication->runController('stream/ajax_loa...')
#3 /mnt/www/yiiFramework/framework/base/CApplication.php(180): CWebApplication->processRequest()
#4 /mnt/www/coxnkings/index.php(14): CApplication->run()
#5 {main}
REQUEST_URI=/coxnkings/index.php/stream/ajax_loader_01.gif
HTTP_REFERER=http://localhost:8888/coxnkings/index.php/stream/manage
---
2014/01/29 22:55:50 [error] [exception.CHttpException.404] exception 'CHttpException' with message 'The system is unable to find the requested action "ajax_loader_01.gif".' in /mnt/www/yiiFramework/framework/web/CController.php:483
Stack trace:
#0 /mnt/www/yiiFramework/framework/web/CController.php(270): CController->missingAction('ajax_loader_01....')
#1 /mnt/www/yiiFramework/framework/web/CWebApplication.php(282): CController->run('ajax_loader_01....')
#2 /mnt/www/yiiFramework/framework/web/CWebApplication.php(141): CWebApplication->runController('stream/ajax_loa...')
#3 /mnt/www/yiiFramework/framework/base/CApplication.php(180): CWebApplication->processRequest()
#4 /mnt/www/coxnkings/index.php(14): CApplication->run()
#5 {main}
REQUEST_URI=/coxnkings/index.php/stream/ajax_loader_01.gif
HTTP_REFERER=http://localhost:8888/coxnkings/index.php/stream/manage
---
2014/01/29 22:55:57 [error] [exception.CHttpException.404] exception 'CHttpException' with message 'The system is unable to find the requested action "ajax_loader_01.gif".' in /mnt/www/yiiFramework/framework/web/CController.php:483
Stack trace:
#0 /mnt/www/yiiFramework/framework/web/CController.php(270): CController->missingAction('ajax_loader_01....')
#1 /mnt/www/yiiFramework/framework/web/CWebApplication.php(282): CController->run('ajax_loader_01....')
#2 /mnt/www/yiiFramework/framework/web/CWebApplication.php(141): CWebApplication->runController('stream/ajax_loa...')
#3 /mnt/www/yiiFramework/framework/base/CApplication.php(180): CWebApplication->processRequest()
#4 /mnt/www/coxnkings/index.php(14): CApplication->run()
#5 {main}
REQUEST_URI=/coxnkings/index.php/stream/ajax_loader_01.gif
HTTP_REFERER=http://localhost:8888/coxnkings/index.php/stream/manage
---
2014/01/29 22:55:57 [error] [exception.CHttpException.404] exception 'CHttpException' with message 'The system is unable to find the requested action "ajax_loader_01.gif".' in /mnt/www/yiiFramework/framework/web/CController.php:483
Stack trace:
#0 /mnt/www/yiiFramework/framework/web/CController.php(270): CController->missingAction('ajax_loader_01....')
#1 /mnt/www/yiiFramework/framework/web/CWebApplication.php(282): CController->run('ajax_loader_01....')
#2 /mnt/www/yiiFramework/framework/web/CWebApplication.php(141): CWebApplication->runController('stream/ajax_loa...')
#3 /mnt/www/yiiFramework/framework/base/CApplication.php(180): CWebApplication->processRequest()
#4 /mnt/www/coxnkings/index.php(14): CApplication->run()
#5 {main}
REQUEST_URI=/coxnkings/index.php/stream/ajax_loader_01.gif
HTTP_REFERER=http://localhost:8888/coxnkings/index.php/stream/manage
---
2014/01/29 22:56:25 [error] [exception.CHttpException.404] exception 'CHttpException' with message 'The system is unable to find the requested action "ajax_loader_01.gif".' in /mnt/www/yiiFramework/framework/web/CController.php:483
Stack trace:
#0 /mnt/www/yiiFramework/framework/web/CController.php(270): CController->missingAction('ajax_loader_01....')
#1 /mnt/www/yiiFramework/framework/web/CWebApplication.php(282): CController->run('ajax_loader_01....')
#2 /mnt/www/yiiFramework/framework/web/CWebApplication.php(141): CWebApplication->runController('stream/ajax_loa...')
#3 /mnt/www/yiiFramework/framework/base/CApplication.php(180): CWebApplication->processRequest()
#4 /mnt/www/coxnkings/index.php(14): CApplication->run()
#5 {main}
REQUEST_URI=/coxnkings/index.php/stream/ajax_loader_01.gif
HTTP_REFERER=http://localhost:8888/coxnkings/index.php/stream/manage
---
2014/01/29 22:56:25 [error] [exception.CHttpException.404] exception 'CHttpException' with message 'The system is unable to find the requested action "ajax_loader_01.gif".' in /mnt/www/yiiFramework/framework/web/CController.php:483
Stack trace:
#0 /mnt/www/yiiFramework/framework/web/CController.php(270): CController->missingAction('ajax_loader_01....')
#1 /mnt/www/yiiFramework/framework/web/CWebApplication.php(282): CController->run('ajax_loader_01....')
#2 /mnt/www/yiiFramework/framework/web/CWebApplication.php(141): CWebApplication->runController('stream/ajax_loa...')
#3 /mnt/www/yiiFramework/framework/base/CApplication.php(180): CWebApplication->processRequest()
#4 /mnt/www/coxnkings/index.php(14): CApplication->run()
#5 {main}
REQUEST_URI=/coxnkings/index.php/stream/ajax_loader_01.gif
HTTP_REFERER=http://localhost:8888/coxnkings/index.php/stream/manage
---
2014/01/29 22:57:01 [error] [exception.CHttpException.404] exception 'CHttpException' with message 'The system is unable to find the requested action "ajax_loader_01.gif".' in /mnt/www/yiiFramework/framework/web/CController.php:483
Stack trace:
#0 /mnt/www/yiiFramework/framework/web/CController.php(270): CController->missingAction('ajax_loader_01....')
#1 /mnt/www/yiiFramework/framework/web/CWebApplication.php(282): CController->run('ajax_loader_01....')
#2 /mnt/www/yiiFramework/framework/web/CWebApplication.php(141): CWebApplication->runController('stream/ajax_loa...')
#3 /mnt/www/yiiFramework/framework/base/CApplication.php(180): CWebApplication->processRequest()
#4 /mnt/www/coxnkings/index.php(14): CApplication->run()
#5 {main}
REQUEST_URI=/coxnkings/index.php/stream/ajax_loader_01.gif
HTTP_REFERER=http://localhost:8888/coxnkings/index.php/stream/manage
---
2014/01/29 22:57:01 [error] [exception.CHttpException.404] exception 'CHttpException' with message 'The system is unable to find the requested action "ajax_loader_01.gif".' in /mnt/www/yiiFramework/framework/web/CController.php:483
Stack trace:
#0 /mnt/www/yiiFramework/framework/web/CController.php(270): CController->missingAction('ajax_loader_01....')
#1 /mnt/www/yiiFramework/framework/web/CWebApplication.php(282): CController->run('ajax_loader_01....')
#2 /mnt/www/yiiFramework/framework/web/CWebApplication.php(141): CWebApplication->runController('stream/ajax_loa...')
#3 /mnt/www/yiiFramework/framework/base/CApplication.php(180): CWebApplication->processRequest()
#4 /mnt/www/coxnkings/index.php(14): CApplication->run()
#5 {main}
REQUEST_URI=/coxnkings/index.php/stream/ajax_loader_01.gif
HTTP_REFERER=http://localhost:8888/coxnkings/index.php/stream/manage
---
2014/01/29 22:57:03 [error] [exception.CHttpException.404] exception 'CHttpException' with message 'The system is unable to find the requested action "ajax_loader_01.gif".' in /mnt/www/yiiFramework/framework/web/CController.php:483
Stack trace:
#0 /mnt/www/yiiFramework/framework/web/CController.php(270): CController->missingAction('ajax_loader_01....')
#1 /mnt/www/yiiFramework/framework/web/CWebApplication.php(282): CController->run('ajax_loader_01....')
#2 /mnt/www/yiiFramework/framework/web/CWebApplication.php(141): CWebApplication->runController('stream/ajax_loa...')
#3 /mnt/www/yiiFramework/framework/base/CApplication.php(180): CWebApplication->processRequest()
#4 /mnt/www/coxnkings/index.php(14): CApplication->run()
#5 {main}
REQUEST_URI=/coxnkings/index.php/stream/ajax_loader_01.gif
HTTP_REFERER=http://localhost:8888/coxnkings/index.php/stream/manage
---
2014/01/29 22:57:03 [error] [exception.CHttpException.404] exception 'CHttpException' with message 'The system is unable to find the requested action "ajax_loader_01.gif".' in /mnt/www/yiiFramework/framework/web/CController.php:483
Stack trace:
#0 /mnt/www/yiiFramework/framework/web/CController.php(270): CController->missingAction('ajax_loader_01....')
#1 /mnt/www/yiiFramework/framework/web/CWebApplication.php(282): CController->run('ajax_loader_01....')
#2 /mnt/www/yiiFramework/framework/web/CWebApplication.php(141): CWebApplication->runController('stream/ajax_loa...')
#3 /mnt/www/yiiFramework/framework/base/CApplication.php(180): CWebApplication->processRequest()
#4 /mnt/www/coxnkings/index.php(14): CApplication->run()
#5 {main}
REQUEST_URI=/coxnkings/index.php/stream/ajax_loader_01.gif
HTTP_REFERER=http://localhost:8888/coxnkings/index.php/stream/manage
---
2014/01/29 22:57:34 [error] [exception.CHttpException.404] exception 'CHttpException' with message 'The system is unable to find the requested action "ajax_loader_01.gif".' in /mnt/www/yiiFramework/framework/web/CController.php:483
Stack trace:
#0 /mnt/www/yiiFramework/framework/web/CController.php(270): CController->missingAction('ajax_loader_01....')
#1 /mnt/www/yiiFramework/framework/web/CWebApplication.php(282): CController->run('ajax_loader_01....')
#2 /mnt/www/yiiFramework/framework/web/CWebApplication.php(141): CWebApplication->runController('stream/ajax_loa...')
#3 /mnt/www/yiiFramework/framework/base/CApplication.php(180): CWebApplication->processRequest()
#4 /mnt/www/coxnkings/index.php(14): CApplication->run()
#5 {main}
REQUEST_URI=/coxnkings/index.php/stream/ajax_loader_01.gif
HTTP_REFERER=http://localhost:8888/coxnkings/index.php/stream/manage
---
2014/01/29 22:57:34 [error] [exception.CHttpException.404] exception 'CHttpException' with message 'The system is unable to find the requested action "ajax_loader_01.gif".' in /mnt/www/yiiFramework/framework/web/CController.php:483
Stack trace:
#0 /mnt/www/yiiFramework/framework/web/CController.php(270): CController->missingAction('ajax_loader_01....')
#1 /mnt/www/yiiFramework/framework/web/CWebApplication.php(282): CController->run('ajax_loader_01....')
#2 /mnt/www/yiiFramework/framework/web/CWebApplication.php(141): CWebApplication->runController('stream/ajax_loa...')
#3 /mnt/www/yiiFramework/framework/base/CApplication.php(180): CWebApplication->processRequest()
#4 /mnt/www/coxnkings/index.php(14): CApplication->run()
#5 {main}
REQUEST_URI=/coxnkings/index.php/stream/ajax_loader_01.gif
HTTP_REFERER=http://localhost:8888/coxnkings/index.php/stream/manage
---
2014/01/29 22:58:12 [error] [exception.CHttpException.404] exception 'CHttpException' with message 'The system is unable to find the requested action "ajax_loader_01.gif".' in /mnt/www/yiiFramework/framework/web/CController.php:483
Stack trace:
#0 /mnt/www/yiiFramework/framework/web/CController.php(270): CController->missingAction('ajax_loader_01....')
#1 /mnt/www/yiiFramework/framework/web/CWebApplication.php(282): CController->run('ajax_loader_01....')
#2 /mnt/www/yiiFramework/framework/web/CWebApplication.php(141): CWebApplication->runController('stream/ajax_loa...')
#3 /mnt/www/yiiFramework/framework/base/CApplication.php(180): CWebApplication->processRequest()
#4 /mnt/www/coxnkings/index.php(14): CApplication->run()
#5 {main}
REQUEST_URI=/coxnkings/index.php/stream/ajax_loader_01.gif
HTTP_REFERER=http://localhost:8888/coxnkings/index.php/stream/manage
---
2014/01/29 22:58:12 [error] [exception.CHttpException.404] exception 'CHttpException' with message 'The system is unable to find the requested action "ajax_loader_01.gif".' in /mnt/www/yiiFramework/framework/web/CController.php:483
Stack trace:
#0 /mnt/www/yiiFramework/framework/web/CController.php(270): CController->missingAction('ajax_loader_01....')
#1 /mnt/www/yiiFramework/framework/web/CWebApplication.php(282): CController->run('ajax_loader_01....')
#2 /mnt/www/yiiFramework/framework/web/CWebApplication.php(141): CWebApplication->runController('stream/ajax_loa...')
#3 /mnt/www/yiiFramework/framework/base/CApplication.php(180): CWebApplication->processRequest()
#4 /mnt/www/coxnkings/index.php(14): CApplication->run()
#5 {main}
REQUEST_URI=/coxnkings/index.php/stream/ajax_loader_01.gif
HTTP_REFERER=http://localhost:8888/coxnkings/index.php/stream/manage
---
2014/01/29 22:58:52 [error] [exception.CHttpException.404] exception 'CHttpException' with message 'The system is unable to find the requested action "ajax_loader_01.gif".' in /mnt/www/yiiFramework/framework/web/CController.php:483
Stack trace:
#0 /mnt/www/yiiFramework/framework/web/CController.php(270): CController->missingAction('ajax_loader_01....')
#1 /mnt/www/yiiFramework/framework/web/CWebApplication.php(282): CController->run('ajax_loader_01....')
#2 /mnt/www/yiiFramework/framework/web/CWebApplication.php(141): CWebApplication->runController('stream/ajax_loa...')
#3 /mnt/www/yiiFramework/framework/base/CApplication.php(180): CWebApplication->processRequest()
#4 /mnt/www/coxnkings/index.php(14): CApplication->run()
#5 {main}
REQUEST_URI=/coxnkings/index.php/stream/ajax_loader_01.gif
HTTP_REFERER=http://localhost:8888/coxnkings/index.php/stream/manage
---
2014/01/29 22:58:52 [error] [exception.CHttpException.404] exception 'CHttpException' with message 'The system is unable to find the requested action "ajax_loader_01.gif".' in /mnt/www/yiiFramework/framework/web/CController.php:483
Stack trace:
#0 /mnt/www/yiiFramework/framework/web/CController.php(270): CController->missingAction('ajax_loader_01....')
#1 /mnt/www/yiiFramework/framework/web/CWebApplication.php(282): CController->run('ajax_loader_01....')
#2 /mnt/www/yiiFramework/framework/web/CWebApplication.php(141): CWebApplication->runController('stream/ajax_loa...')
#3 /mnt/www/yiiFramework/framework/base/CApplication.php(180): CWebApplication->processRequest()
#4 /mnt/www/coxnkings/index.php(14): CApplication->run()
#5 {main}
REQUEST_URI=/coxnkings/index.php/stream/ajax_loader_01.gif
HTTP_REFERER=http://localhost:8888/coxnkings/index.php/stream/manage
---
2014/01/29 23:02:50 [error] [exception.CHttpException.404] exception 'CHttpException' with message 'The system is unable to find the requested action "ajax_loader_01.gif".' in /mnt/www/yiiFramework/framework/web/CController.php:483
Stack trace:
#0 /mnt/www/yiiFramework/framework/web/CController.php(270): CController->missingAction('ajax_loader_01....')
#1 /mnt/www/yiiFramework/framework/web/CWebApplication.php(282): CController->run('ajax_loader_01....')
#2 /mnt/www/yiiFramework/framework/web/CWebApplication.php(141): CWebApplication->runController('stream/ajax_loa...')
#3 /mnt/www/yiiFramework/framework/base/CApplication.php(180): CWebApplication->processRequest()
#4 /mnt/www/coxnkings/index.php(14): CApplication->run()
#5 {main}
REQUEST_URI=/coxnkings/index.php/stream/ajax_loader_01.gif
HTTP_REFERER=http://localhost:8888/coxnkings/index.php/stream/manage
---
2014/01/29 23:02:50 [error] [exception.CHttpException.404] exception 'CHttpException' with message 'The system is unable to find the requested action "ajax_loader_01.gif".' in /mnt/www/yiiFramework/framework/web/CController.php:483
Stack trace:
#0 /mnt/www/yiiFramework/framework/web/CController.php(270): CController->missingAction('ajax_loader_01....')
#1 /mnt/www/yiiFramework/framework/web/CWebApplication.php(282): CController->run('ajax_loader_01....')
#2 /mnt/www/yiiFramework/framework/web/CWebApplication.php(141): CWebApplication->runController('stream/ajax_loa...')
#3 /mnt/www/yiiFramework/framework/base/CApplication.php(180): CWebApplication->processRequest()
#4 /mnt/www/coxnkings/index.php(14): CApplication->run()
#5 {main}
REQUEST_URI=/coxnkings/index.php/stream/ajax_loader_01.gif
HTTP_REFERER=http://localhost:8888/coxnkings/index.php/stream/manage
---
2014/01/29 23:03:21 [error] [exception.CHttpException.404] exception 'CHttpException' with message 'The system is unable to find the requested action "ajax_loader_01.gif".' in /mnt/www/yiiFramework/framework/web/CController.php:483
Stack trace:
#0 /mnt/www/yiiFramework/framework/web/CController.php(270): CController->missingAction('ajax_loader_01....')
#1 /mnt/www/yiiFramework/framework/web/CWebApplication.php(282): CController->run('ajax_loader_01....')
#2 /mnt/www/yiiFramework/framework/web/CWebApplication.php(141): CWebApplication->runController('stream/ajax_loa...')
#3 /mnt/www/yiiFramework/framework/base/CApplication.php(180): CWebApplication->processRequest()
#4 /mnt/www/coxnkings/index.php(14): CApplication->run()
#5 {main}
REQUEST_URI=/coxnkings/index.php/stream/ajax_loader_01.gif
HTTP_REFERER=http://localhost:8888/coxnkings/index.php/stream/manage
---
2014/01/29 23:03:22 [error] [exception.CHttpException.404] exception 'CHttpException' with message 'The system is unable to find the requested action "ajax_loader_01.gif".' in /mnt/www/yiiFramework/framework/web/CController.php:483
Stack trace:
#0 /mnt/www/yiiFramework/framework/web/CController.php(270): CController->missingAction('ajax_loader_01....')
#1 /mnt/www/yiiFramework/framework/web/CWebApplication.php(282): CController->run('ajax_loader_01....')
#2 /mnt/www/yiiFramework/framework/web/CWebApplication.php(141): CWebApplication->runController('stream/ajax_loa...')
#3 /mnt/www/yiiFramework/framework/base/CApplication.php(180): CWebApplication->processRequest()
#4 /mnt/www/coxnkings/index.php(14): CApplication->run()
#5 {main}
REQUEST_URI=/coxnkings/index.php/stream/ajax_loader_01.gif
HTTP_REFERER=http://localhost:8888/coxnkings/index.php/stream/manage
---
2014/01/29 23:04:10 [error] [exception.CHttpException.404] exception 'CHttpException' with message 'The system is unable to find the requested action "ajax_loader_01.gif".' in /mnt/www/yiiFramework/framework/web/CController.php:483
Stack trace:
#0 /mnt/www/yiiFramework/framework/web/CController.php(270): CController->missingAction('ajax_loader_01....')
#1 /mnt/www/yiiFramework/framework/web/CWebApplication.php(282): CController->run('ajax_loader_01....')
#2 /mnt/www/yiiFramework/framework/web/CWebApplication.php(141): CWebApplication->runController('stream/ajax_loa...')
#3 /mnt/www/yiiFramework/framework/base/CApplication.php(180): CWebApplication->processRequest()
#4 /mnt/www/coxnkings/index.php(14): CApplication->run()
#5 {main}
REQUEST_URI=/coxnkings/index.php/stream/ajax_loader_01.gif
HTTP_REFERER=http://localhost:8888/coxnkings/index.php/stream/manage
---
2014/01/29 23:04:10 [error] [exception.CHttpException.404] exception 'CHttpException' with message 'The system is unable to find the requested action "ajax_loader_01.gif".' in /mnt/www/yiiFramework/framework/web/CController.php:483
Stack trace:
#0 /mnt/www/yiiFramework/framework/web/CController.php(270): CController->missingAction('ajax_loader_01....')
#1 /mnt/www/yiiFramework/framework/web/CWebApplication.php(282): CController->run('ajax_loader_01....')
#2 /mnt/www/yiiFramework/framework/web/CWebApplication.php(141): CWebApplication->runController('stream/ajax_loa...')
#3 /mnt/www/yiiFramework/framework/base/CApplication.php(180): CWebApplication->processRequest()
#4 /mnt/www/coxnkings/index.php(14): CApplication->run()
#5 {main}
REQUEST_URI=/coxnkings/index.php/stream/ajax_loader_01.gif
HTTP_REFERER=http://localhost:8888/coxnkings/index.php/stream/manage
---
2014/01/29 23:06:41 [error] [exception.CHttpException.404] exception 'CHttpException' with message 'The system is unable to find the requested action "ajax_loader_01.gif".' in /mnt/www/yiiFramework/framework/web/CController.php:483
Stack trace:
#0 /mnt/www/yiiFramework/framework/web/CController.php(270): CController->missingAction('ajax_loader_01....')
#1 /mnt/www/yiiFramework/framework/web/CWebApplication.php(282): CController->run('ajax_loader_01....')
#2 /mnt/www/yiiFramework/framework/web/CWebApplication.php(141): CWebApplication->runController('stream/ajax_loa...')
#3 /mnt/www/yiiFramework/framework/base/CApplication.php(180): CWebApplication->processRequest()
#4 /mnt/www/coxnkings/index.php(14): CApplication->run()
#5 {main}
REQUEST_URI=/coxnkings/index.php/stream/ajax_loader_01.gif
HTTP_REFERER=http://localhost:8888/coxnkings/index.php/stream/manage
---
2014/01/29 23:06:41 [error] [exception.CHttpException.404] exception 'CHttpException' with message 'The system is unable to find the requested action "ajax_loader_01.gif".' in /mnt/www/yiiFramework/framework/web/CController.php:483
Stack trace:
#0 /mnt/www/yiiFramework/framework/web/CController.php(270): CController->missingAction('ajax_loader_01....')
#1 /mnt/www/yiiFramework/framework/web/CWebApplication.php(282): CController->run('ajax_loader_01....')
#2 /mnt/www/yiiFramework/framework/web/CWebApplication.php(141): CWebApplication->runController('stream/ajax_loa...')
#3 /mnt/www/yiiFramework/framework/base/CApplication.php(180): CWebApplication->processRequest()
#4 /mnt/www/coxnkings/index.php(14): CApplication->run()
#5 {main}
REQUEST_URI=/coxnkings/index.php/stream/ajax_loader_01.gif
HTTP_REFERER=http://localhost:8888/coxnkings/index.php/stream/manage
---
2014/01/29 23:06:50 [error] [exception.CHttpException.404] exception 'CHttpException' with message 'The system is unable to find the requested action "ajax_loader_01.gif".' in /mnt/www/yiiFramework/framework/web/CController.php:483
Stack trace:
#0 /mnt/www/yiiFramework/framework/web/CController.php(270): CController->missingAction('ajax_loader_01....')
#1 /mnt/www/yiiFramework/framework/web/CWebApplication.php(282): CController->run('ajax_loader_01....')
#2 /mnt/www/yiiFramework/framework/web/CWebApplication.php(141): CWebApplication->runController('stream/ajax_loa...')
#3 /mnt/www/yiiFramework/framework/base/CApplication.php(180): CWebApplication->processRequest()
#4 /mnt/www/coxnkings/index.php(14): CApplication->run()
#5 {main}
REQUEST_URI=/coxnkings/index.php/stream/ajax_loader_01.gif
HTTP_REFERER=http://localhost:8888/coxnkings/index.php/stream/manage
---
2014/01/29 23:06:50 [error] [exception.CHttpException.404] exception 'CHttpException' with message 'The system is unable to find the requested action "ajax_loader_01.gif".' in /mnt/www/yiiFramework/framework/web/CController.php:483
Stack trace:
#0 /mnt/www/yiiFramework/framework/web/CController.php(270): CController->missingAction('ajax_loader_01....')
#1 /mnt/www/yiiFramework/framework/web/CWebApplication.php(282): CController->run('ajax_loader_01....')
#2 /mnt/www/yiiFramework/framework/web/CWebApplication.php(141): CWebApplication->runController('stream/ajax_loa...')
#3 /mnt/www/yiiFramework/framework/base/CApplication.php(180): CWebApplication->processRequest()
#4 /mnt/www/coxnkings/index.php(14): CApplication->run()
#5 {main}
REQUEST_URI=/coxnkings/index.php/stream/ajax_loader_01.gif
HTTP_REFERER=http://localhost:8888/coxnkings/index.php/stream/manage
---
2014/01/29 23:06:57 [error] [exception.CHttpException.404] exception 'CHttpException' with message 'The system is unable to find the requested action "ajax_loader_01.gif".' in /mnt/www/yiiFramework/framework/web/CController.php:483
Stack trace:
#0 /mnt/www/yiiFramework/framework/web/CController.php(270): CController->missingAction('ajax_loader_01....')
#1 /mnt/www/yiiFramework/framework/web/CWebApplication.php(282): CController->run('ajax_loader_01....')
#2 /mnt/www/yiiFramework/framework/web/CWebApplication.php(141): CWebApplication->runController('stream/ajax_loa...')
#3 /mnt/www/yiiFramework/framework/base/CApplication.php(180): CWebApplication->processRequest()
#4 /mnt/www/coxnkings/index.php(14): CApplication->run()
#5 {main}
REQUEST_URI=/coxnkings/index.php/stream/ajax_loader_01.gif
HTTP_REFERER=http://localhost:8888/coxnkings/index.php/stream/manage
---
2014/01/29 23:06:58 [error] [exception.CHttpException.404] exception 'CHttpException' with message 'The system is unable to find the requested action "ajax_loader_01.gif".' in /mnt/www/yiiFramework/framework/web/CController.php:483
Stack trace:
#0 /mnt/www/yiiFramework/framework/web/CController.php(270): CController->missingAction('ajax_loader_01....')
#1 /mnt/www/yiiFramework/framework/web/CWebApplication.php(282): CController->run('ajax_loader_01....')
#2 /mnt/www/yiiFramework/framework/web/CWebApplication.php(141): CWebApplication->runController('stream/ajax_loa...')
#3 /mnt/www/yiiFramework/framework/base/CApplication.php(180): CWebApplication->processRequest()
#4 /mnt/www/coxnkings/index.php(14): CApplication->run()
#5 {main}
REQUEST_URI=/coxnkings/index.php/stream/ajax_loader_01.gif
HTTP_REFERER=http://localhost:8888/coxnkings/index.php/stream/manage
---
2014/01/29 23:07:04 [error] [exception.CHttpException.404] exception 'CHttpException' with message 'The system is unable to find the requested action "ajax_loader_01.gif".' in /mnt/www/yiiFramework/framework/web/CController.php:483
Stack trace:
#0 /mnt/www/yiiFramework/framework/web/CController.php(270): CController->missingAction('ajax_loader_01....')
#1 /mnt/www/yiiFramework/framework/web/CWebApplication.php(282): CController->run('ajax_loader_01....')
#2 /mnt/www/yiiFramework/framework/web/CWebApplication.php(141): CWebApplication->runController('stream/ajax_loa...')
#3 /mnt/www/yiiFramework/framework/base/CApplication.php(180): CWebApplication->processRequest()
#4 /mnt/www/coxnkings/index.php(14): CApplication->run()
#5 {main}
REQUEST_URI=/coxnkings/index.php/stream/ajax_loader_01.gif
HTTP_REFERER=http://localhost:8888/coxnkings/index.php/stream/manage
---
2014/01/29 23:07:04 [error] [exception.CHttpException.404] exception 'CHttpException' with message 'The system is unable to find the requested action "ajax_loader_01.gif".' in /mnt/www/yiiFramework/framework/web/CController.php:483
Stack trace:
#0 /mnt/www/yiiFramework/framework/web/CController.php(270): CController->missingAction('ajax_loader_01....')
#1 /mnt/www/yiiFramework/framework/web/CWebApplication.php(282): CController->run('ajax_loader_01....')
#2 /mnt/www/yiiFramework/framework/web/CWebApplication.php(141): CWebApplication->runController('stream/ajax_loa...')
#3 /mnt/www/yiiFramework/framework/base/CApplication.php(180): CWebApplication->processRequest()
#4 /mnt/www/coxnkings/index.php(14): CApplication->run()
#5 {main}
REQUEST_URI=/coxnkings/index.php/stream/ajax_loader_01.gif
HTTP_REFERER=http://localhost:8888/coxnkings/index.php/stream/manage
---
2014/01/29 23:08:50 [error] [exception.CHttpException.404] exception 'CHttpException' with message 'The system is unable to find the requested action "ajax_loader_01.gif".' in /mnt/www/yiiFramework/framework/web/CController.php:483
Stack trace:
#0 /mnt/www/yiiFramework/framework/web/CController.php(270): CController->missingAction('ajax_loader_01....')
#1 /mnt/www/yiiFramework/framework/web/CWebApplication.php(282): CController->run('ajax_loader_01....')
#2 /mnt/www/yiiFramework/framework/web/CWebApplication.php(141): CWebApplication->runController('stream/ajax_loa...')
#3 /mnt/www/yiiFramework/framework/base/CApplication.php(180): CWebApplication->processRequest()
#4 /mnt/www/coxnkings/index.php(14): CApplication->run()
#5 {main}
REQUEST_URI=/coxnkings/index.php/stream/ajax_loader_01.gif
HTTP_REFERER=http://localhost:8888/coxnkings/index.php/stream/manage
---
2014/01/29 23:08:51 [error] [exception.CHttpException.404] exception 'CHttpException' with message 'The system is unable to find the requested action "ajax_loader_01.gif".' in /mnt/www/yiiFramework/framework/web/CController.php:483
Stack trace:
#0 /mnt/www/yiiFramework/framework/web/CController.php(270): CController->missingAction('ajax_loader_01....')
#1 /mnt/www/yiiFramework/framework/web/CWebApplication.php(282): CController->run('ajax_loader_01....')
#2 /mnt/www/yiiFramework/framework/web/CWebApplication.php(141): CWebApplication->runController('stream/ajax_loa...')
#3 /mnt/www/yiiFramework/framework/base/CApplication.php(180): CWebApplication->processRequest()
#4 /mnt/www/coxnkings/index.php(14): CApplication->run()
#5 {main}
REQUEST_URI=/coxnkings/index.php/stream/ajax_loader_01.gif
HTTP_REFERER=http://localhost:8888/coxnkings/index.php/stream/manage
---
2014/01/29 23:08:54 [error] [exception.CHttpException.404] exception 'CHttpException' with message 'The system is unable to find the requested action "ajax_loader_01.gif".' in /mnt/www/yiiFramework/framework/web/CController.php:483
Stack trace:
#0 /mnt/www/yiiFramework/framework/web/CController.php(270): CController->missingAction('ajax_loader_01....')
#1 /mnt/www/yiiFramework/framework/web/CWebApplication.php(282): CController->run('ajax_loader_01....')
#2 /mnt/www/yiiFramework/framework/web/CWebApplication.php(141): CWebApplication->runController('stream/ajax_loa...')
#3 /mnt/www/yiiFramework/framework/base/CApplication.php(180): CWebApplication->processRequest()
#4 /mnt/www/coxnkings/index.php(14): CApplication->run()
#5 {main}
REQUEST_URI=/coxnkings/index.php/stream/ajax_loader_01.gif
HTTP_REFERER=http://localhost:8888/coxnkings/index.php/stream/manage
---
2014/01/29 23:08:55 [error] [exception.CHttpException.404] exception 'CHttpException' with message 'The system is unable to find the requested action "ajax_loader_01.gif".' in /mnt/www/yiiFramework/framework/web/CController.php:483
Stack trace:
#0 /mnt/www/yiiFramework/framework/web/CController.php(270): CController->missingAction('ajax_loader_01....')
#1 /mnt/www/yiiFramework/framework/web/CWebApplication.php(282): CController->run('ajax_loader_01....')
#2 /mnt/www/yiiFramework/framework/web/CWebApplication.php(141): CWebApplication->runController('stream/ajax_loa...')
#3 /mnt/www/yiiFramework/framework/base/CApplication.php(180): CWebApplication->processRequest()
#4 /mnt/www/coxnkings/index.php(14): CApplication->run()
#5 {main}
REQUEST_URI=/coxnkings/index.php/stream/ajax_loader_01.gif
HTTP_REFERER=http://localhost:8888/coxnkings/index.php/stream/manage
---
2014/01/29 23:09:06 [error] [exception.CHttpException.404] exception 'CHttpException' with message 'The system is unable to find the requested action "ajax_loader_01.gif".' in /mnt/www/yiiFramework/framework/web/CController.php:483
Stack trace:
#0 /mnt/www/yiiFramework/framework/web/CController.php(270): CController->missingAction('ajax_loader_01....')
#1 /mnt/www/yiiFramework/framework/web/CWebApplication.php(282): CController->run('ajax_loader_01....')
#2 /mnt/www/yiiFramework/framework/web/CWebApplication.php(141): CWebApplication->runController('stream/ajax_loa...')
#3 /mnt/www/yiiFramework/framework/base/CApplication.php(180): CWebApplication->processRequest()
#4 /mnt/www/coxnkings/index.php(14): CApplication->run()
#5 {main}
REQUEST_URI=/coxnkings/index.php/stream/ajax_loader_01.gif
HTTP_REFERER=http://localhost:8888/coxnkings/index.php/stream/manage
---
2014/01/29 23:09:07 [error] [exception.CHttpException.404] exception 'CHttpException' with message 'The system is unable to find the requested action "ajax_loader_01.gif".' in /mnt/www/yiiFramework/framework/web/CController.php:483
Stack trace:
#0 /mnt/www/yiiFramework/framework/web/CController.php(270): CController->missingAction('ajax_loader_01....')
#1 /mnt/www/yiiFramework/framework/web/CWebApplication.php(282): CController->run('ajax_loader_01....')
#2 /mnt/www/yiiFramework/framework/web/CWebApplication.php(141): CWebApplication->runController('stream/ajax_loa...')
#3 /mnt/www/yiiFramework/framework/base/CApplication.php(180): CWebApplication->processRequest()
#4 /mnt/www/coxnkings/index.php(14): CApplication->run()
#5 {main}
REQUEST_URI=/coxnkings/index.php/stream/ajax_loader_01.gif
HTTP_REFERER=http://localhost:8888/coxnkings/index.php/stream/manage
---
